[01m[K/home/anton/Desktop/edubot/cpp_impl/src/edubot/src/robot_node.cpp:[m[K In member function â€˜[01m[Kvoid RobotNode::cmd_callback(trajectory_msgs::msg::JointTrajectory_<std::allocator<void> >::SharedPtr)[m[Kâ€™:
[01m[K/home/anton/Desktop/edubot/cpp_impl/src/edubot/src/robot_node.cpp:41:85:[m[K [01;35m[Kwarning: [m[Kunused parameter â€˜[01m[Kmsg[m[Kâ€™ [[01;35m[K]8;;https://gcc.gnu.org/onlinedocs/gcc/Warning-Options.html#index-Wunused-parameter-Wunused-parameter]8;;[m[K]
   41 | void RobotNode::cmd_callback([01;35m[Kconst trajectory_msgs::msg::JointTrajectory::SharedPtr msg[m[K)
      |                              [01;35m[K~~~~~~~~~~~~~~~~~~~~~~~~~~~~~~~~~~~~~~~~~~~~~~~~~~~~~~~^~~[m[K
/usr/bin/ld: CMakeFiles/robot_node.dir/src/robot_node.cpp.o: in function `RobotNode::RobotNode()':
robot_node.cpp:(.text+0x6da): undefined reference to `Robot::Robot(std::vector<float, std::allocator<float> >&, std::__cxx11::basic_string<char, std::char_traits<char>, std::allocator<char> >, int, int)'
/usr/bin/ld: CMakeFiles/robot_node.dir/src/robot_node.cpp.o: in function `RobotNode::~RobotNode()':
robot_node.cpp:(.text+0xfdd): undefined reference to `Robot::~Robot()'
collect2: error: ld returned 1 exit status
gmake[2]: *** [CMakeFiles/robot_node.dir/build.make:183: robot_node] Error 1
gmake[1]: *** [CMakeFiles/Makefile2:137: CMakeFiles/robot_node.dir/all] Error 2
gmake: *** [Makefile:146: all] Error 2
