[01m[K/home/anton/Desktop/edubot/cpp_impl/src/edubot/src/robot_node.cpp:[m[K In member function â€˜[01m[Kvoid RobotNode::cmd_callback(trajectory_msgs::msg::JointTrajectory_<std::allocator<void> >::SharedPtr)[m[Kâ€™:
[01m[K/home/anton/Desktop/edubot/cpp_impl/src/edubot/src/robot_node.cpp:43:85:[m[K [01;35m[Kwarning: [m[Kunused parameter â€˜[01m[Kmsg[m[Kâ€™ [[01;35m[K]8;;https://gcc.gnu.org/onlinedocs/gcc/Warning-Options.html#index-Wunused-parameter-Wunused-parameter]8;;[m[K]
   43 | void RobotNode::cmd_callback([01;35m[Kconst trajectory_msgs::msg::JointTrajectory::SharedPtr msg[m[K)
      |                              [01;35m[K~~~~~~~~~~~~~~~~~~~~~~~~~~~~~~~~~~~~~~~~~~~~~~~~~~~~~~~^~~[m[K
[01m[K/home/anton/Desktop/edubot/cpp_impl/src/edubot/src/robot_node.cpp:[m[K In member function â€˜[01m[Kvoid RobotNode::timer_callback()[m[Kâ€™:
[01m[K/home/anton/Desktop/edubot/cpp_impl/src/edubot/src/robot_node.cpp:52:13:[m[K [01;31m[Kerror: [m[Kâ€˜[01m[Kusing _header_type = struct std_msgs::msg::Header_<std::allocator<void> >[m[Kâ€™ {aka â€˜[01m[Kstruct std_msgs::msg::Header_<std::allocator<void> >[m[Kâ€™} has no member named â€˜[01m[Kseq[m[Kâ€™
   52 |   js.header.[01;31m[Kseq[m[K = seq++;
      |             [01;31m[K^~~[m[K
[01m[K/home/anton/Desktop/edubot/cpp_impl/src/edubot/src/robot_node.cpp:55:28:[m[K [01;31m[Kerror: [m[Kinvalid use of non-static member function â€˜[01m[Kstd::vector<float> Robot::get_q()[m[Kâ€™
   55 |   js.position = this->bot->[01;31m[Kget_q[m[K;
      |                            [01;31m[K^~~~~[m[K
In file included from [01m[K/home/anton/Desktop/edubot/cpp_impl/src/edubot/include/edubot/robot_node.hpp:4[m[K,
                 from [01m[K/home/anton/Desktop/edubot/cpp_impl/src/edubot/src/robot_node.cpp:1[m[K:
[01m[K/home/anton/Desktop/edubot/cpp_impl/src/edubot/include/edubot/robot.hpp:31:24:[m[K [01;36m[Knote: [m[Kdeclared here
   31 |     std::vector<float> [01;36m[Kget_q[m[K();
      |                        [01;36m[K^~~~~[m[K
gmake[2]: *** [CMakeFiles/robot_node.dir/build.make:76: CMakeFiles/robot_node.dir/src/robot_node.cpp.o] Error 1
gmake[1]: *** [CMakeFiles/Makefile2:137: CMakeFiles/robot_node.dir/all] Error 2
gmake: *** [Makefile:146: all] Error 2
