[35m[1mConsolidate compiler generated dependencies of target robot_node[0m
[ 50%] [32mBuilding CXX object CMakeFiles/robot_node.dir/src/robot_node.cpp.o[0m
[01m[K/home/anton/Desktop/edubot/cpp_impl/src/edubot/src/robot_node.cpp:5:22:[m[K [01;31m[Kerror: [m[Kexpected initializer before â€˜[01m[K:[m[Kâ€™ token
    5 | RobotNode::RobotNode [01;31m[K:[m[K public rclcpp::Node("robot_node")
      |                      [01;31m[K^[m[K
[01m[K/home/anton/Desktop/edubot/cpp_impl/src/edubot/src/robot_node.cpp:[m[K In member function â€˜[01m[Kvoid RobotNode::cmd_callback(sensor_msgs::msg::JointState_<std::allocator<void> >::SharedPtr)[m[Kâ€™:
[01m[K/home/anton/Desktop/edubot/cpp_impl/src/edubot/src/robot_node.cpp:38:76:[m[K [01;35m[Kwarning: [m[Kunused parameter â€˜[01m[Kmsg[m[Kâ€™ [[01;35m[K]8;;https://gcc.gnu.org/onlinedocs/gcc/Warning-Options.html#index-Wunused-parameter-Wunused-parameter]8;;[m[K]
   38 | void RobotNode::cmd_callback([01;35m[Kconst sensor_msgs::msg::JointState::SharedPtr msg[m[K)
      |                              [01;35m[K~~~~~~~~~~~~~~~~~~~~~~~~~~~~~~~~~~~~~~~~~~~~~~^~~[m[K
gmake[2]: *** [CMakeFiles/robot_node.dir/build.make:76: CMakeFiles/robot_node.dir/src/robot_node.cpp.o] Error 1
gmake[1]: *** [CMakeFiles/Makefile2:137: CMakeFiles/robot_node.dir/all] Error 2
gmake: *** [Makefile:146: all] Error 2
