-- Found ament_cmake: 1.3.5 (/opt/ros/humble/share/ament_cmake/cmake)
-- Found rclcpp: 16.0.5 (/opt/ros/humble/share/rclcpp/cmake)
-- Found rosidl_generator_c: 3.1.5 (/opt/ros/humble/share/rosidl_generator_c/cmake)
-- Found rosidl_adapter: 3.1.5 (/opt/ros/humble/share/rosidl_adapter/cmake)
-- Found rosidl_generator_cpp: 3.1.5 (/opt/ros/humble/share/rosidl_generator_cpp/cmake)
-- Using all available rosidl_typesupport_c: rosidl_typesupport_fastrtps_c;rosidl_typesupport_introspection_c
-- Using all available rosidl_typesupport_cpp: rosidl_typesupport_fastrtps_cpp;rosidl_typesupport_introspection_cpp
-- Found rmw_implementation_cmake: 6.1.1 (/opt/ros/humble/share/rmw_implementation_cmake/cmake)
-- Found rmw_fastrtps_cpp: 6.2.3 (/opt/ros/humble/share/rmw_fastrtps_cpp/cmake)
-- Using RMW implementation 'rmw_fastrtps_cpp' as default
-- Found sensor_msgs: 4.2.3 (/opt/ros/humble/share/sensor_msgs/cmake)
-- Found trajectory_msgs: 4.2.3 (/opt/ros/humble/share/trajectory_msgs/cmake)
-- Found ament_lint_auto: 0.12.7 (/opt/ros/humble/share/ament_lint_auto/cmake)
-- Added test 'cppcheck' to perform static code analysis on C / C++ code
-- Configured cppcheck include dirs: $<BUILD_INTERFACE:/home/anton/Desktop/edubot/cpp_impl/src/edubot/include/edubot>
-- Configured cppcheck exclude dirs and/or files: 
-- Added test 'lint_cmake' to check CMake code style
-- Added test 'uncrustify' to check C / C++ code style
-- Configured uncrustify additional arguments: 
-- Added test 'xmllint' to check XML markup files
-- Configuring done
-- Generating done
-- Build files have been written to: /home/anton/Desktop/edubot/cpp_impl/build/edubot
[ 50%] [32mBuilding CXX object CMakeFiles/robot_node.dir/src/robot_node.cpp.o[0m
[01m[K/home/anton/Desktop/edubot/cpp_impl/src/edubot/src/robot_node.cpp:5:21:[m[K [01;31m[Kerror: [m[Kfound â€˜[01m[K:[m[Kâ€™ in nested-name-specifier, expected â€˜[01m[K::[m[Kâ€™
    5 | RobotNode::RobotNode[01;31m[K:[m[KNode("robot_node")
      |                     [01;31m[K^[m[K
      |                     [32m[K::[m[K
[01m[K/home/anton/Desktop/edubot/cpp_impl/src/edubot/src/robot_node.cpp:5:1:[m[K [01;31m[Kerror: [m[Kâ€˜[01m[KRobotNode RobotNode::Node[m[Kâ€™ is not a static data member of â€˜[01m[Kclass RobotNode[m[Kâ€™
    5 | [01;31m[KRobotNode[m[K::RobotNode:Node("robot_node")
      | [01;31m[K^~~~~~~~~[m[K
[01m[K/home/anton/Desktop/edubot/cpp_impl/src/edubot/src/robot_node.cpp:5:39:[m[K [01;31m[Kerror: [m[Kno matching function for call to â€˜[01m[KRobotNode::RobotNode(const char [11])[m[Kâ€™
    5 | RobotNode::RobotNode:Node("robot_node"[01;31m[K)[m[K
      |                                       [01;31m[K^[m[K
In file included from [01m[K/home/anton/Desktop/edubot/cpp_impl/src/edubot/src/robot_node.cpp:1[m[K:
[01m[K/home/anton/Desktop/edubot/cpp_impl/src/edubot/include/edubot/robot_node.hpp:10:5:[m[K [01;36m[Knote: [m[Kcandidate: â€˜[01m[KRobotNode::RobotNode()[m[Kâ€™
   10 |     [01;36m[KRobotNode[m[K();
      |     [01;36m[K^~~~~~~~~[m[K
[01m[K/home/anton/Desktop/edubot/cpp_impl/src/edubot/include/edubot/robot_node.hpp:10:5:[m[K [01;36m[Knote: [m[K  candidate expects 0 arguments, 1 provided
[01m[K/home/anton/Desktop/edubot/cpp_impl/src/edubot/src/robot_node.cpp:6:1:[m[K [01;31m[Kerror: [m[Kexpected â€˜[01m[K,[m[Kâ€™ or â€˜[01m[K;[m[Kâ€™ before â€˜[01m[K{[m[Kâ€™ token
    6 | [01;31m[K{[m[K
      | [01;31m[K^[m[K
[01m[K/home/anton/Desktop/edubot/cpp_impl/src/edubot/src/robot_node.cpp:[m[K In member function â€˜[01m[Kvoid RobotNode::cmd_callback(sensor_msgs::msg::JointState_<std::allocator<void> >::SharedPtr)[m[Kâ€™:
[01m[K/home/anton/Desktop/edubot/cpp_impl/src/edubot/src/robot_node.cpp:38:76:[m[K [01;35m[Kwarning: [m[Kunused parameter â€˜[01m[Kmsg[m[Kâ€™ [[01;35m[K]8;;https://gcc.gnu.org/onlinedocs/gcc/Warning-Options.html#index-Wunused-parameter-Wunused-parameter]8;;[m[K]
   38 | void RobotNode::cmd_callback([01;35m[Kconst sensor_msgs::msg::JointState::SharedPtr msg[m[K)
      |                              [01;35m[K~~~~~~~~~~~~~~~~~~~~~~~~~~~~~~~~~~~~~~~~~~~~~~^~~[m[K
gmake[2]: *** [CMakeFiles/robot_node.dir/build.make:76: CMakeFiles/robot_node.dir/src/robot_node.cpp.o] Error 1
gmake[1]: *** [CMakeFiles/Makefile2:137: CMakeFiles/robot_node.dir/all] Error 2
gmake: *** [Makefile:146: all] Error 2
