[0.009s] Invoking command in '/home/anton/Desktop/edubot/cpp_impl/build/edubot': CMAKE_PREFIX_PATH=/opt/ros/humble /usr/bin/cmake --build /home/anton/Desktop/edubot/cpp_impl/build/edubot -- -j8 -l8
[0.025s] -- Found ament_cmake: 1.3.5 (/opt/ros/humble/share/ament_cmake/cmake)
[0.128s] -- Found rclcpp: 16.0.5 (/opt/ros/humble/share/rclcpp/cmake)
[0.148s] -- Found rosidl_generator_c: 3.1.5 (/opt/ros/humble/share/rosidl_generator_c/cmake)
[0.150s] -- Found rosidl_adapter: 3.1.5 (/opt/ros/humble/share/rosidl_adapter/cmake)
[0.154s] -- Found rosidl_generator_cpp: 3.1.5 (/opt/ros/humble/share/rosidl_generator_cpp/cmake)
[0.161s] -- Using all available rosidl_typesupport_c: rosidl_typesupport_fastrtps_c;rosidl_typesupport_introspection_c
[0.172s] -- Using all available rosidl_typesupport_cpp: rosidl_typesupport_fastrtps_cpp;rosidl_typesupport_introspection_cpp
[0.209s] -- Found rmw_implementation_cmake: 6.1.1 (/opt/ros/humble/share/rmw_implementation_cmake/cmake)
[0.210s] -- Found rmw_fastrtps_cpp: 6.2.3 (/opt/ros/humble/share/rmw_fastrtps_cpp/cmake)
[0.297s] -- Using RMW implementation 'rmw_fastrtps_cpp' as default
[0.393s] -- Found sensor_msgs: 4.2.3 (/opt/ros/humble/share/sensor_msgs/cmake)
[0.469s] -- Found trajectory_msgs: 4.2.3 (/opt/ros/humble/share/trajectory_msgs/cmake)
[0.525s] -- Found ament_lint_auto: 0.12.7 (/opt/ros/humble/share/ament_lint_auto/cmake)
[0.570s] -- Added test 'cppcheck' to perform static code analysis on C / C++ code
[0.570s] -- Configured cppcheck include dirs: $<BUILD_INTERFACE:/home/anton/Desktop/edubot/cpp_impl/src/edubot/include/edubot>
[0.570s] -- Configured cppcheck exclude dirs and/or files: 
[0.570s] -- Added test 'lint_cmake' to check CMake code style
[0.571s] -- Added test 'uncrustify' to check C / C++ code style
[0.571s] -- Configured uncrustify additional arguments: 
[0.571s] -- Added test 'xmllint' to check XML markup files
[0.571s] -- Configuring done
[0.577s] -- Generating done
[0.578s] -- Build files have been written to: /home/anton/Desktop/edubot/cpp_impl/build/edubot
[0.601s] [ 50%] [32mBuilding CXX object CMakeFiles/robot_node.dir/src/robot_node.cpp.o[0m
[2.706s] [01m[K/home/anton/Desktop/edubot/cpp_impl/src/edubot/src/robot_node.cpp:5:21:[m[K [01;31m[Kerror: [m[Kfound â€˜[01m[K:[m[Kâ€™ in nested-name-specifier, expected â€˜[01m[K::[m[Kâ€™
[2.706s]     5 | RobotNode::RobotNode[01;31m[K:[m[KNode("robot_node")
[2.706s]       |                     [01;31m[K^[m[K
[2.706s]       |                     [32m[K::[m[K
[2.706s] [01m[K/home/anton/Desktop/edubot/cpp_impl/src/edubot/src/robot_node.cpp:5:1:[m[K [01;31m[Kerror: [m[Kâ€˜[01m[KRobotNode RobotNode::Node[m[Kâ€™ is not a static data member of â€˜[01m[Kclass RobotNode[m[Kâ€™
[2.706s]     5 | [01;31m[KRobotNode[m[K::RobotNode:Node("robot_node")
[2.706s]       | [01;31m[K^~~~~~~~~[m[K
[2.706s] [01m[K/home/anton/Desktop/edubot/cpp_impl/src/edubot/src/robot_node.cpp:5:39:[m[K [01;31m[Kerror: [m[Kno matching function for call to â€˜[01m[KRobotNode::RobotNode(const char [11])[m[Kâ€™
[2.706s]     5 | RobotNode::RobotNode:Node("robot_node"[01;31m[K)[m[K
[2.706s]       |                                       [01;31m[K^[m[K
[2.706s] In file included from [01m[K/home/anton/Desktop/edubot/cpp_impl/src/edubot/src/robot_node.cpp:1[m[K:
[2.706s] [01m[K/home/anton/Desktop/edubot/cpp_impl/src/edubot/include/edubot/robot_node.hpp:10:5:[m[K [01;36m[Knote: [m[Kcandidate: â€˜[01m[KRobotNode::RobotNode()[m[Kâ€™
[2.706s]    10 |     [01;36m[KRobotNode[m[K();
[2.706s]       |     [01;36m[K^~~~~~~~~[m[K
[2.711s] [01m[K/home/anton/Desktop/edubot/cpp_impl/src/edubot/include/edubot/robot_node.hpp:10:5:[m[K [01;36m[Knote: [m[K  candidate expects 0 arguments, 1 provided
[2.711s] [01m[K/home/anton/Desktop/edubot/cpp_impl/src/edubot/src/robot_node.cpp:6:1:[m[K [01;31m[Kerror: [m[Kexpected â€˜[01m[K,[m[Kâ€™ or â€˜[01m[K;[m[Kâ€™ before â€˜[01m[K{[m[Kâ€™ token
[2.711s]     6 | [01;31m[K{[m[K
[2.711s]       | [01;31m[K^[m[K
[2.713s] [01m[K/home/anton/Desktop/edubot/cpp_impl/src/edubot/src/robot_node.cpp:[m[K In member function â€˜[01m[Kvoid RobotNode::cmd_callback(sensor_msgs::msg::JointState_<std::allocator<void> >::SharedPtr)[m[Kâ€™:
[2.713s] [01m[K/home/anton/Desktop/edubot/cpp_impl/src/edubot/src/robot_node.cpp:38:76:[m[K [01;35m[Kwarning: [m[Kunused parameter â€˜[01m[Kmsg[m[Kâ€™ [[01;35m[K]8;;https://gcc.gnu.org/onlinedocs/gcc/Warning-Options.html#index-Wunused-parameter-Wunused-parameter]8;;[m[K]
[2.713s]    38 | void RobotNode::cmd_callback([01;35m[Kconst sensor_msgs::msg::JointState::SharedPtr msg[m[K)
[2.713s]       |                              [01;35m[K~~~~~~~~~~~~~~~~~~~~~~~~~~~~~~~~~~~~~~~~~~~~~~^~~[m[K
[3.323s] gmake[2]: *** [CMakeFiles/robot_node.dir/build.make:76: CMakeFiles/robot_node.dir/src/robot_node.cpp.o] Error 1
[3.323s] gmake[1]: *** [CMakeFiles/Makefile2:137: CMakeFiles/robot_node.dir/all] Error 2
[3.324s] gmake: *** [Makefile:146: all] Error 2
[3.325s] Invoked command in '/home/anton/Desktop/edubot/cpp_impl/build/edubot' returned '2': CMAKE_PREFIX_PATH=/opt/ros/humble /usr/bin/cmake --build /home/anton/Desktop/edubot/cpp_impl/build/edubot -- -j8 -l8
